# JRE version: OpenJDK Runtime Environment Microsoft-13106358 (17.0.18+8) (build 17.0.18+8-LTS)
# Java VM: OpenJDK 64-Bit Server VM Microsoft-13106358 (17.0.18+8-LTS, mixed mode, sharing, tiered, compressed oops, compressed class ptrs, g1 gc, windows-amd64)
GC Precious Log:
 CPUs: 16 total, 16 available
 Memory: 15681M
 Large Page Support: Disabled
 NUMA Support: Disabled
 Compressed Oops: Enabled (32-bit)
 Heap Region Size: 1M
 Heap Min Capacity: 256M
 Heap Initial Capacity: 256M
 Heap Max Capacity: 512M
 Pre-touch: Disabled
 Parallel Workers: 13
 Concurrent Workers: 3
 Concurrent Refinement Workers: 13
 Periodic GC: Disabled
Heap:
 garbage-first heap   total 262144K, used 27079K [0x00000000e0000000, 0x0000000100000000)
  region size 1024K, 19 young (19456K), 15 survivors (15360K)
 Metaspace       used 21430K, committed 21824K, reserved 393216K
  class space    used 3112K, committed 3328K, reserved 327680K
GC Heap History (8 events):
Event: 1.137 GC heap before
{Heap before GC invocations=0 (full 0):
 garbage-first heap   total 262144K, used 22528K [0x00000000e0000000, 0x0000000100000000)
  region size 1024K, 23 young (23552K), 0 survivors (0K)
 Metaspace       used 871K, committed 1024K, reserved 393216K
  class space    used 63K, committed 128K, reserved 327680K
}
Event: 1.140 GC heap after
{Heap after GC invocations=1 (full 0):
 garbage-first heap   total 262144K, used 1647K [0x00000000e0000000, 0x0000000100000000)
  region size 1024K, 2 young (2048K), 2 survivors (2048K)
 Metaspace       used 871K, committed 1024K, reserved 393216K
  class space    used 63K, committed 128K, reserved 327680K
}
Event: 4.733 GC heap before
{Heap before GC invocations=1 (full 0):
 garbage-first heap   total 262144K, used 40559K [0x00000000e0000000, 0x0000000100000000)
  region size 1024K, 38 young (38912K), 2 survivors (2048K)
 Metaspace       used 4426K, committed 4608K, reserved 393216K
  class space    used 547K, committed 640K, reserved 327680K
}
Event: 4.739 GC heap after
{Heap after GC invocations=2 (full 0):
 garbage-first heap   total 262144K, used 10734K [0x00000000e0000000, 0x0000000100000000)
  region size 1024K, 5 young (5120K), 5 survivors (5120K)
 Metaspace       used 4426K, committed 4608K, reserved 393216K
  class space    used 547K, committed 640K, reserved 327680K
}
Event: 8.863 GC heap before
{Heap before GC invocations=2 (full 0):
 garbage-first heap   total 262144K, used 78318K [0x00000000e0000000, 0x0000000100000000)
  region size 1024K, 70 young (71680K), 5 survivors (5120K)
 Metaspace       used 8014K, committed 8256K, reserved 393216K
  class space    used 1070K, committed 1216K, reserved 327680K
}
Event: 8.874 GC heap after
{Heap after GC invocations=3 (full 0):
 garbage-first heap   total 262144K, used 17871K [0x00000000e0000000, 0x0000000100000000)
  region size 1024K, 9 young (9216K), 9 survivors (9216K)
 Metaspace       used 8014K, committed 8256K, reserved 393216K
  class space    used 1070K, committed 1216K, reserved 327680K
}
Event: 12.612 GC heap before
{Heap before GC invocations=3 (full 0):
 garbage-first heap   total 262144K, used 113103K [0x00000000e0000000, 0x0000000100000000)
  region size 1024K, 103 young (105472K), 9 survivors (9216K)
 Metaspace       used 21157K, committed 21504K, reserved 393216K
  class space    used 3046K, committed 3200K, reserved 327680K
}
Event: 12.624 GC heap after
{Heap after GC invocations=4 (full 0):
 garbage-first heap   total 262144K, used 24007K [0x00000000e0000000, 0x0000000100000000)
  region size 1024K, 15 young (15360K), 15 survivors (15360K)
 Metaspace       used 21157K, committed 21504K, reserved 393216K
  class space    used 3046K, committed 3200K, reserved 327680K
}

